<?xml version="1.0" encoding="UTF-8"?>
<!-- Generated by org.testng.reporters.JUnitReportReporter -->
<testsuite hostname="TUSHAR" failures="0" tests="1" name="com.flexngate.crm.Thirdpartytest.CreateProspectTest" time="242.150" errors="0" timestamp="2024-05-31T15:01:26 IST" skipped="0">
  <testcase classname="com.flexngate.crm.Thirdpartytest.CreateProspectTest" name="CreateNewProspectTest" time="242.150"/>
  <system-out/>
</testsuite> <!-- com.flexngate.crm.Thirdpartytest.CreateProspectTest -->
