<?xml version="1.0" encoding="UTF-8"?>
<!-- Generated by org.testng.reporters.JUnitReportReporter -->
<testsuite hostname="TUSHAR" failures="0" tests="1" name="com.flexngate.crm.Thirdpartytest.CreateThirdPartyTest" time="63.180" errors="0" timestamp="2024-05-31T15:28:31 IST" skipped="0">
  <testcase classname="com.flexngate.crm.Thirdpartytest.CreateThirdPartyTest" name="CreateNewThirdPartyWithProspectTest" time="63.180"/>
  <system-out/>
</testsuite> <!-- com.flexngate.crm.Thirdpartytest.CreateThirdPartyTest -->
