<?xml version="1.0" encoding="UTF-8"?>
<!-- Generated by org.testng.reporters.JUnitReportReporter -->
<testsuite hostname="DESKTOP-GLA0AO1" failures="0" tests="10" name="com.flexngate.erp.thirdpartytest.SampleTest" time="0.107" errors="0" timestamp="2024-05-29T17:49:05 IST" skipped="0">
  <testcase classname="com.flexngate.erp.thirdpartytest.SampleTest" name="createThridPartyTest" time="0.007"/>
  <testcase classname="com.flexngate.erp.thirdpartytest.SampleTest" name="createThridPartyTest" time="0.008"/>
  <testcase classname="com.flexngate.erp.thirdpartytest.SampleTest" name="createThridPartyTest" time="0.014"/>
  <testcase classname="com.flexngate.erp.thirdpartytest.SampleTest" name="createThridPartyTest" time="0.010"/>
  <testcase classname="com.flexngate.erp.thirdpartytest.SampleTest" name="createThridPartyTest" time="0.008"/>
  <testcase classname="com.flexngate.erp.thirdpartytest.SampleTest" name="createThridPartyTest" time="0.009"/>
  <testcase classname="com.flexngate.erp.thirdpartytest.SampleTest" name="createThridPartyTest" time="0.003"/>
  <testcase classname="com.flexngate.erp.thirdpartytest.SampleTest" name="createThridPartyTest" time="0.007"/>
  <testcase classname="com.flexngate.erp.thirdpartytest.SampleTest" name="createThridPartyTest" time="0.005"/>
  <testcase classname="com.flexngate.erp.thirdpartytest.SampleTest" name="createThridPartyTest" time="0.036"/>
</testsuite> <!-- com.flexngate.erp.thirdpartytest.SampleTest -->
