<?xml version="1.0" encoding="UTF-8"?>
<!-- Generated by org.testng.reporters.JUnitReportReporter -->
<testsuite hostname="DESKTOP-GLA0AO1" failures="0" tests="10" name="com.flexngate.erp.thirdpartytest.CreateThirdPartyWithAllDetailsTest" time="121.635" errors="0" timestamp="2024-05-30T11:27:20 IST" skipped="0">
  <testcase classname="com.flexngate.erp.thirdpartytest.CreateThirdPartyWithAllDetailsTest" name="createThirdPartyWithValidInputsTest" time="16.641"/>
  <testcase classname="com.flexngate.erp.thirdpartytest.CreateThirdPartyWithAllDetailsTest" name="createThirdPartyWithValidInputsTest" time="11.148"/>
  <testcase classname="com.flexngate.erp.thirdpartytest.CreateThirdPartyWithAllDetailsTest" name="createThirdPartyWithValidInputsTest" time="13.452"/>
  <testcase classname="com.flexngate.erp.thirdpartytest.CreateThirdPartyWithAllDetailsTest" name="createThirdPartyWithValidInputsTest" time="11.767"/>
  <testcase classname="com.flexngate.erp.thirdpartytest.CreateThirdPartyWithAllDetailsTest" name="createThirdPartyWithValidInputsTest" time="10.358"/>
  <testcase classname="com.flexngate.erp.thirdpartytest.CreateThirdPartyWithAllDetailsTest" name="createThirdPartyWithValidInputsTest" time="11.529"/>
  <testcase classname="com.flexngate.erp.thirdpartytest.CreateThirdPartyWithAllDetailsTest" name="createThirdPartyWithValidInputsTest" time="10.482"/>
  <testcase classname="com.flexngate.erp.thirdpartytest.CreateThirdPartyWithAllDetailsTest" name="createThirdPartyWithValidInputsTest" time="12.048"/>
  <testcase classname="com.flexngate.erp.thirdpartytest.CreateThirdPartyWithAllDetailsTest" name="createThirdPartyWithValidInputsTest" time="11.522"/>
  <testcase classname="com.flexngate.erp.thirdpartytest.CreateThirdPartyWithAllDetailsTest" name="createThirdPartyWithValidInputsTest" time="12.688"/>
</testsuite> <!-- com.flexngate.erp.thirdpartytest.CreateThirdPartyWithAllDetailsTest -->
