<?xml version="1.0" encoding="UTF-8"?>
<!-- Generated by org.testng.reporters.JUnitReportReporter -->
<testsuite hostname="DESKTOP-GLA0AO1" failures="0" tests="10" name="com.flexngate.erp.thirdpartytest.CreateNewOrderTest" time="126.092" errors="0" timestamp="2024-05-31T22:47:46 IST" skipped="0">
  <testcase classname="com.flexngate.erp.thirdpartytest.CreateNewOrderTest" name="validateOrderTest" time="11.126"/>
  <testcase classname="com.flexngate.erp.thirdpartytest.CreateNewOrderTest" name="validateOrderTest" time="18.469"/>
  <testcase classname="com.flexngate.erp.thirdpartytest.CreateNewOrderTest" name="validateOrderTest" time="11.613"/>
  <testcase classname="com.flexngate.erp.thirdpartytest.CreateNewOrderTest" name="validateOrderTest" time="11.674"/>
  <testcase classname="com.flexngate.erp.thirdpartytest.CreateNewOrderTest" name="validateOrderTest" time="10.610"/>
  <testcase classname="com.flexngate.erp.thirdpartytest.CreateNewOrderTest" name="validateOrderTest" time="12.472"/>
  <testcase classname="com.flexngate.erp.thirdpartytest.CreateNewOrderTest" name="validateOrderTest" time="14.140"/>
  <testcase classname="com.flexngate.erp.thirdpartytest.CreateNewOrderTest" name="validateOrderTest" time="11.539"/>
  <testcase classname="com.flexngate.erp.thirdpartytest.CreateNewOrderTest" name="validateOrderTest" time="12.469"/>
  <testcase classname="com.flexngate.erp.thirdpartytest.CreateNewOrderTest" name="validateOrderTest" time="11.980"/>
</testsuite> <!-- com.flexngate.erp.thirdpartytest.CreateNewOrderTest -->
