<?xml version="1.0" encoding="UTF-8"?>
<!-- Generated by org.testng.reporters.JUnitReportReporter -->
<testsuite hostname="DESKTOP-GLA0AO1" failures="0" tests="10" name="com.flexngate.erp.thirdpartytest.CreateNewCustomerTest" time="214.294" errors="0" timestamp="2024-05-31T15:18:10 IST" skipped="0">
  <testcase classname="com.flexngate.erp.thirdpartytest.CreateNewCustomerTest" name="createNewThirdPartyAsCustomerTest" time="28.581"/>
  <testcase classname="com.flexngate.erp.thirdpartytest.CreateNewCustomerTest" name="createNewThirdPartyAsCustomerTest" time="21.258"/>
  <testcase classname="com.flexngate.erp.thirdpartytest.CreateNewCustomerTest" name="createNewThirdPartyAsCustomerTest" time="15.059"/>
  <testcase classname="com.flexngate.erp.thirdpartytest.CreateNewCustomerTest" name="createNewThirdPartyAsCustomerTest" time="19.974"/>
  <testcase classname="com.flexngate.erp.thirdpartytest.CreateNewCustomerTest" name="createNewThirdPartyAsCustomerTest" time="15.296"/>
  <testcase classname="com.flexngate.erp.thirdpartytest.CreateNewCustomerTest" name="createNewThirdPartyAsCustomerTest" time="14.541"/>
  <testcase classname="com.flexngate.erp.thirdpartytest.CreateNewCustomerTest" name="createNewThirdPartyAsCustomerTest" time="54.034"/>
  <testcase classname="com.flexngate.erp.thirdpartytest.CreateNewCustomerTest" name="createNewThirdPartyAsCustomerTest" time="17.317"/>
  <testcase classname="com.flexngate.erp.thirdpartytest.CreateNewCustomerTest" name="createNewThirdPartyAsCustomerTest" time="12.866"/>
  <testcase classname="com.flexngate.erp.thirdpartytest.CreateNewCustomerTest" name="createNewThirdPartyAsCustomerTest" time="15.368"/>
</testsuite> <!-- com.flexngate.erp.thirdpartytest.CreateNewCustomerTest -->
