<?xml version="1.0" encoding="UTF-8"?>
<!-- Generated by org.testng.reporters.JUnitReportReporter -->
<testsuite hostname="TUSHAR" failures="0" tests="1" name="com.flexngate.crm.Thirdpartytest.CreateProposalTest" time="54.418" errors="0" timestamp="2024-05-31T14:56:50 IST" skipped="0">
  <testcase classname="com.flexngate.crm.Thirdpartytest.CreateProposalTest" name="CreateProposalWithSourceTest" time="54.418"/>
  <system-out/>
</testsuite> <!-- com.flexngate.crm.Thirdpartytest.CreateProposalTest -->
