<?xml version="1.0" encoding="UTF-8"?>
<!-- Generated by org.testng.reporters.JUnitReportReporter -->
<testsuite hostname="TUSHAR" failures="0" tests="1" name="com.flexngate.crm.Thirdpartytest.CreateThirdPartyCustomerTest" time="32.400" errors="0" timestamp="2024-05-31T18:38:10 IST" skipped="0">
  <testcase classname="com.flexngate.crm.Thirdpartytest.CreateThirdPartyCustomerTest" name="CreateNewThirdPartyAsCustomerTest" time="32.400"/>
  <system-out/>
</testsuite> <!-- com.flexngate.crm.Thirdpartytest.CreateThirdPartyCustomerTest -->
