<?xml version="1.0" encoding="UTF-8"?>
<!-- Generated by org.testng.reporters.JUnitReportReporter -->
<testsuite hostname="DESKTOP-GLA0AO1" failures="0" tests="10" name="com.flexngate.erp.thirdpartytest.CreateProposalTest" time="352.978" errors="0" timestamp="2024-05-31T15:11:22 IST" skipped="0">
  <testcase classname="com.flexngate.erp.thirdpartytest.CreateProposalTest" name="createProposalWithSourceTest" time="41.770"/>
  <testcase classname="com.flexngate.erp.thirdpartytest.CreateProposalTest" name="createProposalWithSourceTest" time="24.207"/>
  <testcase classname="com.flexngate.erp.thirdpartytest.CreateProposalTest" name="createProposalWithSourceTest" time="50.566"/>
  <testcase classname="com.flexngate.erp.thirdpartytest.CreateProposalTest" name="createProposalWithSourceTest" time="51.178"/>
  <testcase classname="com.flexngate.erp.thirdpartytest.CreateProposalTest" name="createProposalWithSourceTest" time="19.973"/>
  <testcase classname="com.flexngate.erp.thirdpartytest.CreateProposalTest" name="createProposalWithSourceTest" time="51.309"/>
  <testcase classname="com.flexngate.erp.thirdpartytest.CreateProposalTest" name="createProposalWithSourceTest" time="31.295"/>
  <testcase classname="com.flexngate.erp.thirdpartytest.CreateProposalTest" name="createProposalWithSourceTest" time="35.097"/>
  <testcase classname="com.flexngate.erp.thirdpartytest.CreateProposalTest" name="createProposalWithSourceTest" time="23.920"/>
  <testcase classname="com.flexngate.erp.thirdpartytest.CreateProposalTest" name="createProposalWithSourceTest" time="23.663"/>
</testsuite> <!-- com.flexngate.erp.thirdpartytest.CreateProposalTest -->
